Arguments: 
  /home/ferchuqui/.nvm/versions/node/v10.24.1/bin/node /home/ferchuqui/.nvm/versions/node/v10.24.1/bin/yarn add jquery, popper.js

PATH: 
  /home/ferchuqui/.rvm/gems/ruby-3.0.0/bin:/home/ferchuqui/.rvm/gems/ruby-3.0.0@global/bin:/home/ferchuqui/.rvm/rubies/ruby-3.0.0/bin:/home/ferchuqui/.rvm/bin:/home/ferchuqui/.nvm/versions/node/v10.24.1/bin:/usr/local/sbin:/usr/local/bin:/usr/sbin:/usr/bin:/sbin:/bin:/usr/games:/usr/local/games:/usr/lib/wsl/lib:/mnt/c/Program Files/WindowsApps/CanonicalGroupLimited.UbuntuonWindows_2004.2020.424.0_x64__79rhkp1fndgsc:/mnt/c/Python39/Scripts:/mnt/c/Python39:/mnt/c/Windows/system32:/mnt/c/Windows:/mnt/c/Windows/System32/Wbem:/mnt/c/Windows/System32/WindowsPowerShell/v1.0:/mnt/c/Windows/System32/OpenSSH:/mnt/c/Program Files/Microsoft VS Code/bin:/mnt/c/Program Files/Git/cmd:/mnt/c/Program Files/nodejs:/mnt/c/ProgramData/chocolatey/bin:/mnt/c/Users/Fernando/AppData/Local/Microsoft/WindowsApps:/mnt/c/Users/Fernando/AppData/Roaming/npm:/snap/bin

Yarn version: 
  1.22.18

Node version: 
  10.24.1

Platform: 
  linux x64

Trace: 
  Error: https://registry.yarnpkg.com/jquery,: Not found
      at Request.params.callback [as _callback] (/home/ferchuqui/.nvm/versions/node/v10.24.1/lib/node_modules/yarn/lib/cli.js:66138:18)
      at Request.self.callback (/home/ferchuqui/.nvm/versions/node/v10.24.1/lib/node_modules/yarn/lib/cli.js:140883:22)
      at Request.emit (events.js:198:13)
      at Request.<anonymous> (/home/ferchuqui/.nvm/versions/node/v10.24.1/lib/node_modules/yarn/lib/cli.js:141855:10)
      at Request.emit (events.js:198:13)
      at IncomingMessage.<anonymous> (/home/ferchuqui/.nvm/versions/node/v10.24.1/lib/node_modules/yarn/lib/cli.js:141777:12)
      at Object.onceWrapper (events.js:286:20)
      at IncomingMessage.emit (events.js:203:15)
      at endReadableNT (_stream_readable.js:1145:12)
      at process._tickCallback (internal/process/next_tick.js:63:19)

npm manifest: 
  {
    "dependencies": {
      "bootstrap": "^5.1.3"
    }
  }

yarn manifest: 
  No manifest

Lockfile: 
  # THIS IS AN AUTOGENERATED FILE. DO NOT EDIT THIS FILE DIRECTLY.
  # yarn lockfile v1
  
  
  bootstrap@^5.1.3:
    version "5.1.3"
    resolved "https://registry.yarnpkg.com/bootstrap/-/bootstrap-5.1.3.tgz#ba081b0c130f810fa70900acbc1c6d3c28fa8f34"
    integrity sha512-fcQztozJ8jToQWXxVuEyXWW+dSo8AiXWKwiSSrKWsRB/Qt+Ewwza+JWoLKiTuQLaEPhdNAJ7+Dosc9DOIqNy7Q==
